<?xml version="1.0" encoding="UTF-8"?>
<!-- Generated by org.testng.reporters.JUnitXMLReporter -->
<testsuite hostname="G8R856S2E" ignored="2" tests="3" failures="2" timestamp="09 Apr 2019 10:36:21 GMT" time="43.027" errors="0">
  <testcase name="microsoftSearchBarFunctionalityTest" time="23.604" classname="FirstScenarioTest">
    <failure type="java.lang.AssertionError" message="The SearchBar did not contain expected value expected [true] but found [false]">
      <![CDATA[java.lang.AssertionError: The SearchBar did not contain expected value expected [true] but found [false]
at FirstScenarioTest.searchInMicrosoftAndVerifyResults(FirstScenarioTest.java:62)
at FirstScenarioTest.microsoftSearchBarFunctionalityTest(FirstScenarioTest.java:26)
... Removed 38 stack frames]]>
    </failure>
  </testcase> <!-- microsoftSearchBarFunctionalityTest -->
  <testcase name="microsoftSearchBarVisibilityTest" time="3.628" classname="FirstScenarioTest">
    <failure type="java.lang.AssertionError" message="The results were not found expected [true] but found [false]">
      <![CDATA[java.lang.AssertionError: The results were not found expected [true] but found [false]
at FirstScenarioTest.verifyIfResultFound(FirstScenarioTest.java:40)
at FirstScenarioTest.microsoftSearchBarVisibilityTest(FirstScenarioTest.java:17)
... Removed 38 stack frames]]>
    </failure>
  </testcase> <!-- microsoftSearchBarVisibilityTest -->
  <testcase name="verifyIfInstructorHaveTraining" time="13.665" classname="SecondScenarioTest"/>
  <testcase name="@BeforeTest initialiseDriver" time="0.0" classname="core.DriverFactory">
    <ignored/>
  </testcase> <!-- @BeforeTest initialiseDriver -->
  <testcase name="@AfterTest closeDriver" time="0.0" classname="core.DriverFactory">
    <ignored/>
  </testcase> <!-- @AfterTest closeDriver -->
</testsuite>
